Determining if the pthread_create exist failed with the following output:
Change Dir: /home/federico/pdi/tpg2/fast/build/CMakeFiles/CMakeTmp

Run Build Command:"/usr/bin/make" "cmTC_174d9/fast"
/usr/bin/make -f CMakeFiles/cmTC_174d9.dir/build.make CMakeFiles/cmTC_174d9.dir/build
make[1]: Entering directory '/home/federico/pdi/tpg2/fast/build/CMakeFiles/CMakeTmp'
Building C object CMakeFiles/cmTC_174d9.dir/CheckSymbolExists.c.o
/usr/bin/cc    -o CMakeFiles/cmTC_174d9.dir/CheckSymbolExists.c.o   -c /home/federico/pdi/tpg2/fast/build/CMakeFiles/CMakeTmp/CheckSymbolExists.c
Linking C executable cmTC_174d9
/usr/bin/cmake -E cmake_link_script CMakeFiles/cmTC_174d9.dir/link.txt --verbose=1
/usr/bin/cc      CMakeFiles/cmTC_174d9.dir/CheckSymbolExists.c.o  -o cmTC_174d9 
/usr/bin/ld: CMakeFiles/cmTC_174d9.dir/CheckSymbolExists.c.o: in function `main':
CheckSymbolExists.c:(.text+0x1b): undefined reference to `pthread_create'
collect2: error: ld returned 1 exit status
make[1]: *** [CMakeFiles/cmTC_174d9.dir/build.make:87: cmTC_174d9] Error 1
make[1]: Leaving directory '/home/federico/pdi/tpg2/fast/build/CMakeFiles/CMakeTmp'
make: *** [Makefile:121: cmTC_174d9/fast] Error 2

File /home/federico/pdi/tpg2/fast/build/CMakeFiles/CMakeTmp/CheckSymbolExists.c:
/* */
#include <pthread.h>

int main(int argc, char** argv)
{
  (void)argv;
#ifndef pthread_create
  return ((int*)(&pthread_create))[argc];
#else
  (void)argc;
  return 0;
#endif
}

